2014/07/01 10:00:14 [error] [exception.CHttpException.404] exception 'CHttpException' with message 'Unable to resolve the request "gii".' in /var/www/framework/web/CWebApplication.php:286
Stack trace:
#0 /var/www/framework/web/CWebApplication.php(141): CWebApplication->runController('gii')
#1 /var/www/framework/base/CApplication.php(180): CWebApplication->processRequest()
#2 /var/www/cart/index.php(13): CApplication->run()
#3 {main}
REQUEST_URI=/cart/index.php?r=gii
---
2014/07/01 10:00:17 [error] [exception.CHttpException.404] exception 'CHttpException' with message 'Unable to resolve the request "gii/".' in /var/www/framework/web/CWebApplication.php:286
Stack trace:
#0 /var/www/framework/web/CWebApplication.php(141): CWebApplication->runController('gii/')
#1 /var/www/framework/base/CApplication.php(180): CWebApplication->processRequest()
#2 /var/www/cart/index.php(13): CApplication->run()
#3 {main}
REQUEST_URI=/cart/index.php?r=gii/
---
2014/07/01 10:00:29 [error] [exception.CHttpException.404] exception 'CHttpException' with message 'Unable to resolve the request "gii/".' in /var/www/framework/web/CWebApplication.php:286
Stack trace:
#0 /var/www/framework/web/CWebApplication.php(141): CWebApplication->runController('gii/')
#1 /var/www/framework/base/CApplication.php(180): CWebApplication->processRequest()
#2 /var/www/cart/index.php(13): CApplication->run()
#3 {main}
REQUEST_URI=/cart/index.php?r=gii/
---
2014/07/01 10:02:41 [error] [exception.CDbException] exception 'CDbException' with message 'CDbConnection failed to open the DB connection: could not find driver' in /var/www/framework/db/CDbConnection.php:382
Stack trace:
#0 /var/www/framework/db/CDbConnection.php(330): CDbConnection->open()
#1 /var/www/framework/db/CDbConnection.php(308): CDbConnection->setActive(true)
#2 /var/www/framework/base/CModule.php(387): CDbConnection->init()
#3 /var/www/framework/base/CModule.php(103): CModule->getComponent('db')
#4 /var/www/framework/gii/generators/model/ModelCode.php(60): CModule->__get('db')
#5 /var/www/framework/web/CFormModel.php(39): ModelCode->init()
#6 /var/www/framework/gii/CCodeGenerator.php(153): CFormModel->__construct()
#7 /var/www/framework/gii/CCodeGenerator.php(63): CCodeGenerator->prepare()
#8 /var/www/framework/web/actions/CInlineAction.php(49): CCodeGenerator->actionIndex()
#9 /var/www/framework/web/CController.php(308): CInlineAction->runWithParams(Array)
#10 /var/www/framework/web/CController.php(286): CController->runAction(Object(CInlineAction))
#11 /var/www/framework/web/CController.php(265): CController->runActionWithFilters(Object(CInlineAction), Array)
#12 /var/www/framework/web/CWebApplication.php(282): CController->run('index')
#13 /var/www/framework/web/CWebApplication.php(141): CWebApplication->runController('gii/model/index')
#14 /var/www/framework/base/CApplication.php(180): CWebApplication->processRequest()
#15 /var/www/cart/index.php(13): CApplication->run()
#16 {main}
REQUEST_URI=/cart/index.php?r=gii/model/index
HTTP_REFERER=http://localhost/cart/index.php?r=gii/
---
2014/07/01 10:13:55 [error] [php] Undefined variable: products (/var/www/cart/protected/views/site/index.php:5)
Stack trace:
#0 /var/www/framework/web/CController.php(869): SiteController->renderFile()
#1 /var/www/framework/web/CController.php(782): SiteController->renderPartial()
#2 /var/www/cart/protected/controllers/SiteController.php(32): SiteController->render()
#3 /var/www/framework/web/actions/CInlineAction.php(49): SiteController->actionIndex()
#4 /var/www/framework/web/CController.php(308): CInlineAction->runWithParams()
#5 /var/www/framework/web/CController.php(286): SiteController->runAction()
#6 /var/www/framework/web/CController.php(265): SiteController->runActionWithFilters()
#7 /var/www/framework/web/CWebApplication.php(282): SiteController->run()
#8 /var/www/framework/web/CWebApplication.php(141): CWebApplication->runController()
#9 /var/www/framework/base/CApplication.php(180): CWebApplication->processRequest()
#10 /var/www/cart/index.php(13): CWebApplication->run()
REQUEST_URI=/cart/index.php
in /var/www/cart/protected/views/site/index.php (5)
in /var/www/cart/protected/controllers/SiteController.php (32)
in /var/www/cart/index.php (13)
2014/07/01 10:15:14 [error] [php] Undefined variable: products (/var/www/cart/protected/views/site/index.php:5)
Stack trace:
#0 /var/www/framework/web/CController.php(869): SiteController->renderFile()
#1 /var/www/framework/web/CController.php(782): SiteController->renderPartial()
#2 /var/www/cart/protected/controllers/SiteController.php(32): SiteController->render()
#3 /var/www/framework/web/actions/CInlineAction.php(49): SiteController->actionIndex()
#4 /var/www/framework/web/CController.php(308): CInlineAction->runWithParams()
#5 /var/www/framework/web/CController.php(286): SiteController->runAction()
#6 /var/www/framework/web/CController.php(265): SiteController->runActionWithFilters()
#7 /var/www/framework/web/CWebApplication.php(282): SiteController->run()
#8 /var/www/framework/web/CWebApplication.php(141): CWebApplication->runController()
#9 /var/www/framework/base/CApplication.php(180): CWebApplication->processRequest()
#10 /var/www/cart/index.php(13): CWebApplication->run()
REQUEST_URI=/cart/index.php
in /var/www/cart/protected/views/site/index.php (5)
in /var/www/cart/protected/controllers/SiteController.php (32)
in /var/www/cart/index.php (13)
2014/07/01 10:16:23 [error] [php] Undefined variable: products (/var/www/cart/protected/views/site/index.php:5)
Stack trace:
#0 /var/www/framework/web/CController.php(869): SiteController->renderFile()
#1 /var/www/framework/web/CController.php(782): SiteController->renderPartial()
#2 /var/www/cart/protected/controllers/SiteController.php(32): SiteController->render()
#3 /var/www/framework/web/actions/CInlineAction.php(49): SiteController->actionIndex()
#4 /var/www/framework/web/CController.php(308): CInlineAction->runWithParams()
#5 /var/www/framework/web/CController.php(286): SiteController->runAction()
#6 /var/www/framework/web/CController.php(265): SiteController->runActionWithFilters()
#7 /var/www/framework/web/CWebApplication.php(282): SiteController->run()
#8 /var/www/framework/web/CWebApplication.php(141): CWebApplication->runController()
#9 /var/www/framework/base/CApplication.php(180): CWebApplication->processRequest()
#10 /var/www/cart/index.php(13): CWebApplication->run()
REQUEST_URI=/cart/index.php
in /var/www/cart/protected/views/site/index.php (5)
in /var/www/cart/protected/controllers/SiteController.php (32)
in /var/www/cart/index.php (13)
2014/07/01 10:16:24 [error] [php] Undefined variable: products (/var/www/cart/protected/views/site/index.php:5)
Stack trace:
#0 /var/www/framework/web/CController.php(869): SiteController->renderFile()
#1 /var/www/framework/web/CController.php(782): SiteController->renderPartial()
#2 /var/www/cart/protected/controllers/SiteController.php(32): SiteController->render()
#3 /var/www/framework/web/actions/CInlineAction.php(49): SiteController->actionIndex()
#4 /var/www/framework/web/CController.php(308): CInlineAction->runWithParams()
#5 /var/www/framework/web/CController.php(286): SiteController->runAction()
#6 /var/www/framework/web/CController.php(265): SiteController->runActionWithFilters()
#7 /var/www/framework/web/CWebApplication.php(282): SiteController->run()
#8 /var/www/framework/web/CWebApplication.php(141): CWebApplication->runController()
#9 /var/www/framework/base/CApplication.php(180): CWebApplication->processRequest()
#10 /var/www/cart/index.php(13): CWebApplication->run()
REQUEST_URI=/cart/index.php
in /var/www/cart/protected/views/site/index.php (5)
in /var/www/cart/protected/controllers/SiteController.php (32)
in /var/www/cart/index.php (13)
2014/07/01 10:16:25 [error] [php] Undefined variable: products (/var/www/cart/protected/views/site/index.php:5)
Stack trace:
#0 /var/www/framework/web/CController.php(869): SiteController->renderFile()
#1 /var/www/framework/web/CController.php(782): SiteController->renderPartial()
#2 /var/www/cart/protected/controllers/SiteController.php(32): SiteController->render()
#3 /var/www/framework/web/actions/CInlineAction.php(49): SiteController->actionIndex()
#4 /var/www/framework/web/CController.php(308): CInlineAction->runWithParams()
#5 /var/www/framework/web/CController.php(286): SiteController->runAction()
#6 /var/www/framework/web/CController.php(265): SiteController->runActionWithFilters()
#7 /var/www/framework/web/CWebApplication.php(282): SiteController->run()
#8 /var/www/framework/web/CWebApplication.php(141): CWebApplication->runController()
#9 /var/www/framework/base/CApplication.php(180): CWebApplication->processRequest()
#10 /var/www/cart/index.php(13): CWebApplication->run()
REQUEST_URI=/cart/index.php
in /var/www/cart/protected/views/site/index.php (5)
in /var/www/cart/protected/controllers/SiteController.php (32)
in /var/www/cart/index.php (13)
2014/07/01 10:17:49 [error] [php] Undefined variable: products (/var/www/cart/protected/views/site/index.php:5)
Stack trace:
#0 /var/www/framework/web/CController.php(869): SiteController->renderFile()
#1 /var/www/framework/web/CController.php(782): SiteController->renderPartial()
#2 /var/www/cart/protected/controllers/SiteController.php(32): SiteController->render()
#3 /var/www/framework/web/actions/CInlineAction.php(49): SiteController->actionIndex()
#4 /var/www/framework/web/CController.php(308): CInlineAction->runWithParams()
#5 /var/www/framework/web/CController.php(286): SiteController->runAction()
#6 /var/www/framework/web/CController.php(265): SiteController->runActionWithFilters()
#7 /var/www/framework/web/CWebApplication.php(282): SiteController->run()
#8 /var/www/framework/web/CWebApplication.php(141): CWebApplication->runController()
#9 /var/www/framework/base/CApplication.php(180): CWebApplication->processRequest()
#10 /var/www/cart/index.php(13): CWebApplication->run()
REQUEST_URI=/cart/index.php
in /var/www/cart/protected/views/site/index.php (5)
in /var/www/cart/protected/controllers/SiteController.php (32)
in /var/www/cart/index.php (13)
2014/07/01 10:17:50 [error] [php] Undefined variable: products (/var/www/cart/protected/views/site/index.php:5)
Stack trace:
#0 /var/www/framework/web/CController.php(869): SiteController->renderFile()
#1 /var/www/framework/web/CController.php(782): SiteController->renderPartial()
#2 /var/www/cart/protected/controllers/SiteController.php(32): SiteController->render()
#3 /var/www/framework/web/actions/CInlineAction.php(49): SiteController->actionIndex()
#4 /var/www/framework/web/CController.php(308): CInlineAction->runWithParams()
#5 /var/www/framework/web/CController.php(286): SiteController->runAction()
#6 /var/www/framework/web/CController.php(265): SiteController->runActionWithFilters()
#7 /var/www/framework/web/CWebApplication.php(282): SiteController->run()
#8 /var/www/framework/web/CWebApplication.php(141): CWebApplication->runController()
#9 /var/www/framework/base/CApplication.php(180): CWebApplication->processRequest()
#10 /var/www/cart/index.php(13): CWebApplication->run()
REQUEST_URI=/cart/index.php
in /var/www/cart/protected/views/site/index.php (5)
in /var/www/cart/protected/controllers/SiteController.php (32)
in /var/www/cart/index.php (13)
2014/07/01 10:17:50 [error] [php] Undefined variable: products (/var/www/cart/protected/views/site/index.php:5)
Stack trace:
#0 /var/www/framework/web/CController.php(869): SiteController->renderFile()
#1 /var/www/framework/web/CController.php(782): SiteController->renderPartial()
#2 /var/www/cart/protected/controllers/SiteController.php(32): SiteController->render()
#3 /var/www/framework/web/actions/CInlineAction.php(49): SiteController->actionIndex()
#4 /var/www/framework/web/CController.php(308): CInlineAction->runWithParams()
#5 /var/www/framework/web/CController.php(286): SiteController->runAction()
#6 /var/www/framework/web/CController.php(265): SiteController->runActionWithFilters()
#7 /var/www/framework/web/CWebApplication.php(282): SiteController->run()
#8 /var/www/framework/web/CWebApplication.php(141): CWebApplication->runController()
#9 /var/www/framework/base/CApplication.php(180): CWebApplication->processRequest()
#10 /var/www/cart/index.php(13): CWebApplication->run()
REQUEST_URI=/cart/index.php
in /var/www/cart/protected/views/site/index.php (5)
in /var/www/cart/protected/controllers/SiteController.php (32)
in /var/www/cart/index.php (13)
2014/07/01 10:17:50 [error] [php] Undefined variable: products (/var/www/cart/protected/views/site/index.php:5)
Stack trace:
#0 /var/www/framework/web/CController.php(869): SiteController->renderFile()
#1 /var/www/framework/web/CController.php(782): SiteController->renderPartial()
#2 /var/www/cart/protected/controllers/SiteController.php(32): SiteController->render()
#3 /var/www/framework/web/actions/CInlineAction.php(49): SiteController->actionIndex()
#4 /var/www/framework/web/CController.php(308): CInlineAction->runWithParams()
#5 /var/www/framework/web/CController.php(286): SiteController->runAction()
#6 /var/www/framework/web/CController.php(265): SiteController->runActionWithFilters()
#7 /var/www/framework/web/CWebApplication.php(282): SiteController->run()
#8 /var/www/framework/web/CWebApplication.php(141): CWebApplication->runController()
#9 /var/www/framework/base/CApplication.php(180): CWebApplication->processRequest()
#10 /var/www/cart/index.php(13): CWebApplication->run()
REQUEST_URI=/cart/index.php
in /var/www/cart/protected/views/site/index.php (5)
in /var/www/cart/protected/controllers/SiteController.php (32)
in /var/www/cart/index.php (13)
2014/07/01 10:17:50 [error] [php] Undefined variable: products (/var/www/cart/protected/views/site/index.php:5)
Stack trace:
#0 /var/www/framework/web/CController.php(869): SiteController->renderFile()
#1 /var/www/framework/web/CController.php(782): SiteController->renderPartial()
#2 /var/www/cart/protected/controllers/SiteController.php(32): SiteController->render()
#3 /var/www/framework/web/actions/CInlineAction.php(49): SiteController->actionIndex()
#4 /var/www/framework/web/CController.php(308): CInlineAction->runWithParams()
#5 /var/www/framework/web/CController.php(286): SiteController->runAction()
#6 /var/www/framework/web/CController.php(265): SiteController->runActionWithFilters()
#7 /var/www/framework/web/CWebApplication.php(282): SiteController->run()
#8 /var/www/framework/web/CWebApplication.php(141): CWebApplication->runController()
#9 /var/www/framework/base/CApplication.php(180): CWebApplication->processRequest()
#10 /var/www/cart/index.php(13): CWebApplication->run()
REQUEST_URI=/cart/index.php
in /var/www/cart/protected/views/site/index.php (5)
in /var/www/cart/protected/controllers/SiteController.php (32)
in /var/www/cart/index.php (13)
2014/07/01 10:17:50 [error] [php] Undefined variable: products (/var/www/cart/protected/views/site/index.php:5)
Stack trace:
#0 /var/www/framework/web/CController.php(869): SiteController->renderFile()
#1 /var/www/framework/web/CController.php(782): SiteController->renderPartial()
#2 /var/www/cart/protected/controllers/SiteController.php(32): SiteController->render()
#3 /var/www/framework/web/actions/CInlineAction.php(49): SiteController->actionIndex()
#4 /var/www/framework/web/CController.php(308): CInlineAction->runWithParams()
#5 /var/www/framework/web/CController.php(286): SiteController->runAction()
#6 /var/www/framework/web/CController.php(265): SiteController->runActionWithFilters()
#7 /var/www/framework/web/CWebApplication.php(282): SiteController->run()
#8 /var/www/framework/web/CWebApplication.php(141): CWebApplication->runController()
#9 /var/www/framework/base/CApplication.php(180): CWebApplication->processRequest()
#10 /var/www/cart/index.php(13): CWebApplication->run()
REQUEST_URI=/cart/index.php
in /var/www/cart/protected/views/site/index.php (5)
in /var/www/cart/protected/controllers/SiteController.php (32)
in /var/www/cart/index.php (13)
2014/07/01 10:17:50 [error] [php] Undefined variable: products (/var/www/cart/protected/views/site/index.php:5)
Stack trace:
#0 /var/www/framework/web/CController.php(869): SiteController->renderFile()
#1 /var/www/framework/web/CController.php(782): SiteController->renderPartial()
#2 /var/www/cart/protected/controllers/SiteController.php(32): SiteController->render()
#3 /var/www/framework/web/actions/CInlineAction.php(49): SiteController->actionIndex()
#4 /var/www/framework/web/CController.php(308): CInlineAction->runWithParams()
#5 /var/www/framework/web/CController.php(286): SiteController->runAction()
#6 /var/www/framework/web/CController.php(265): SiteController->runActionWithFilters()
#7 /var/www/framework/web/CWebApplication.php(282): SiteController->run()
#8 /var/www/framework/web/CWebApplication.php(141): CWebApplication->runController()
#9 /var/www/framework/base/CApplication.php(180): CWebApplication->processRequest()
#10 /var/www/cart/index.php(13): CWebApplication->run()
REQUEST_URI=/cart/index.php
in /var/www/cart/protected/views/site/index.php (5)
in /var/www/cart/protected/controllers/SiteController.php (32)
in /var/www/cart/index.php (13)
2014/07/01 10:23:59 [error] [exception.CException] exception 'CException' with message 'Products and its behaviors do not have a method or closure named "id".' in /var/www/framework/base/CComponent.php:266
Stack trace:
#0 /var/www/framework/db/ar/CActiveRecord.php(227): CComponent->__call('id', Array)
#1 /var/www/cart/protected/views/site/index.php(6): CActiveRecord->__call('id', Array)
#2 /var/www/cart/protected/views/site/index.php(6): Products->id()
#3 /var/www/framework/web/CBaseController.php(126): require('/var/www/cart/p...')
#4 /var/www/framework/web/CBaseController.php(95): CBaseController->renderInternal('/var/www/cart/p...', Array, true)
#5 /var/www/framework/web/CController.php(869): CBaseController->renderFile('/var/www/cart/p...', Array, true)
#6 /var/www/framework/web/CController.php(782): CController->renderPartial('index', Array, true)
#7 /var/www/cart/protected/controllers/SiteController.php(34): CController->render('index', Array)
#8 /var/www/framework/web/actions/CInlineAction.php(49): SiteController->actionIndex()
#9 /var/www/framework/web/CController.php(308): CInlineAction->runWithParams(Array)
#10 /var/www/framework/web/CController.php(286): CController->runAction(Object(CInlineAction))
#11 /var/www/framework/web/CController.php(265): CController->runActionWithFilters(Object(CInlineAction), Array)
#12 /var/www/framework/web/CWebApplication.php(282): CController->run('')
#13 /var/www/framework/web/CWebApplication.php(141): CWebApplication->runController('')
#14 /var/www/framework/base/CApplication.php(180): CWebApplication->processRequest()
#15 /var/www/cart/index.php(13): CApplication->run()
#16 {main}
REQUEST_URI=/cart/index.php
---
